{
  "stats": {
    "suites": 3,
    "tests": 2,
    "passes": 2,
    "pending": 0,
    "failures": 0,
    "start": "2017-08-27T08:14:20.136Z",
    "end": "2017-08-27T08:14:21.235Z",
    "duration": 1099,
    "testsRegistered": 2,
    "passPercent": 100,
    "pendingPercent": 0,
    "other": 0,
    "hasOther": false,
    "skipped": 0,
    "hasSkipped": false,
    "passPercentClass": "success",
    "pendingPercentClass": "danger"
  },
  "suites": {
    "title": "",
    "suites": [
      {
        "title": "Nodeuii Service自动化脚本",
        "suites": [
          {
            "title": "API接口测试",
            "suites": [],
            "tests": [
              {
                "title": "获取城市列表API",
                "fullTitle": "Nodeuii Service自动化脚本 API接口测试 获取城市列表API",
                "timedOut": false,
                "duration": 1057,
                "state": "passed",
                "speed": "slow",
                "pass": true,
                "fail": false,
                "pending": false,
                "code": "request()\n    .get('/index/getdata')\n    .set('Accept', 'application/json')\n    .expect('Content-Type', /json/)\n    .expect(200)\n    .end(function(err, res) {\n        if (res.body.length == 11) {\n            done();\n        }else{\n            //done(new Error('城市列表返回数据长度错误'));\n            done(err);\n        }\n    });",
                "err": {},
                "isRoot": false,
                "uuid": "af3882fd-c001-4f36-9845-dea19b9b7cf9",
                "parentUUID": "85ce01db-c335-43f2-915b-9a4715ed306c",
                "isHook": false,
                "skipped": false
              }
            ],
            "pending": [],
            "root": false,
            "_timeout": 2000,
            "file": "/test/service/router.spec.js",
            "uuid": "85ce01db-c335-43f2-915b-9a4715ed306c",
            "beforeHooks": [],
            "afterHooks": [],
            "fullFile": "/Users/yuanzhijia/Desktop/yd-vue-ssr/test/service/router.spec.js",
            "passes": [
              {
                "title": "获取城市列表API",
                "fullTitle": "Nodeuii Service自动化脚本 API接口测试 获取城市列表API",
                "timedOut": false,
                "duration": 1057,
                "state": "passed",
                "speed": "slow",
                "pass": true,
                "fail": false,
                "pending": false,
                "code": "request()\n    .get('/index/getdata')\n    .set('Accept', 'application/json')\n    .expect('Content-Type', /json/)\n    .expect(200)\n    .end(function(err, res) {\n        if (res.body.length == 11) {\n            done();\n        }else{\n            //done(new Error('城市列表返回数据长度错误'));\n            done(err);\n        }\n    });",
                "err": {},
                "isRoot": false,
                "uuid": "af3882fd-c001-4f36-9845-dea19b9b7cf9",
                "parentUUID": "85ce01db-c335-43f2-915b-9a4715ed306c",
                "isHook": false,
                "skipped": false
              }
            ],
            "failures": [],
            "skipped": [],
            "hasBeforeHooks": false,
            "hasAfterHooks": false,
            "hasTests": true,
            "hasSuites": false,
            "totalTests": 1,
            "totalPasses": 1,
            "totalFailures": 0,
            "totalPending": 0,
            "totalSkipped": 0,
            "hasPasses": true,
            "hasFailures": false,
            "hasPending": false,
            "hasSkipped": false,
            "duration": 1057,
            "rootEmpty": false
          },
          {
            "title": "Nodeuii 容错能力测试",
            "suites": [],
            "tests": [
              {
                "title": "404容错脚本测试",
                "fullTitle": "Nodeuii Service自动化脚本 Nodeuii 容错能力测试 404容错脚本测试",
                "timedOut": false,
                "duration": 21,
                "state": "passed",
                "speed": "fast",
                "pass": true,
                "fail": false,
                "pending": false,
                "code": "request()\n    .get('/messages/notfound')\n    .expect(404, done);",
                "err": {},
                "isRoot": false,
                "uuid": "c6c84cd9-5089-43e8-86e6-0379563266ac",
                "parentUUID": "20d677bb-53cf-4420-b175-934d6ed1fecb",
                "isHook": false,
                "skipped": false
              }
            ],
            "pending": [],
            "root": false,
            "_timeout": 2000,
            "file": "/test/service/router.spec.js",
            "uuid": "20d677bb-53cf-4420-b175-934d6ed1fecb",
            "beforeHooks": [],
            "afterHooks": [],
            "fullFile": "/Users/yuanzhijia/Desktop/yd-vue-ssr/test/service/router.spec.js",
            "passes": [
              {
                "title": "404容错脚本测试",
                "fullTitle": "Nodeuii Service自动化脚本 Nodeuii 容错能力测试 404容错脚本测试",
                "timedOut": false,
                "duration": 21,
                "state": "passed",
                "speed": "fast",
                "pass": true,
                "fail": false,
                "pending": false,
                "code": "request()\n    .get('/messages/notfound')\n    .expect(404, done);",
                "err": {},
                "isRoot": false,
                "uuid": "c6c84cd9-5089-43e8-86e6-0379563266ac",
                "parentUUID": "20d677bb-53cf-4420-b175-934d6ed1fecb",
                "isHook": false,
                "skipped": false
              }
            ],
            "failures": [],
            "skipped": [],
            "hasBeforeHooks": false,
            "hasAfterHooks": false,
            "hasTests": true,
            "hasSuites": false,
            "totalTests": 1,
            "totalPasses": 1,
            "totalFailures": 0,
            "totalPending": 0,
            "totalSkipped": 0,
            "hasPasses": true,
            "hasFailures": false,
            "hasPending": false,
            "hasSkipped": false,
            "duration": 21,
            "rootEmpty": false
          }
        ],
        "tests": [],
        "pending": [],
        "root": false,
        "_timeout": 2000,
        "file": "/test/service/router.spec.js",
        "uuid": "fe54deb2-fc36-4299-8413-6e6f550ff0fa",
        "beforeHooks": [],
        "afterHooks": [],
        "fullFile": "/Users/yuanzhijia/Desktop/yd-vue-ssr/test/service/router.spec.js",
        "passes": [],
        "failures": [],
        "skipped": [],
        "hasBeforeHooks": false,
        "hasAfterHooks": false,
        "hasTests": false,
        "hasSuites": true,
        "totalTests": 0,
        "totalPasses": 0,
        "totalFailures": 0,
        "totalPending": 0,
        "totalSkipped": 0,
        "hasPasses": false,
        "hasFailures": false,
        "hasPending": false,
        "hasSkipped": false,
        "duration": 0,
        "rootEmpty": false
      }
    ],
    "tests": [],
    "pending": [],
    "root": true,
    "_timeout": 2000,
    "uuid": "2398e270-64db-4d03-ad4e-2b20668324ff",
    "beforeHooks": [],
    "afterHooks": [],
    "fullFile": "",
    "file": "",
    "passes": [],
    "failures": [],
    "skipped": [],
    "hasBeforeHooks": false,
    "hasAfterHooks": false,
    "hasTests": false,
    "hasSuites": true,
    "totalTests": 0,
    "totalPasses": 0,
    "totalFailures": 0,
    "totalPending": 0,
    "totalSkipped": 0,
    "hasPasses": false,
    "hasFailures": false,
    "hasPending": false,
    "hasSkipped": false,
    "duration": 0,
    "rootEmpty": true
  },
  "allTests": [
    {
      "title": "获取城市列表API",
      "fullTitle": "API接口测试 获取城市列表API",
      "timedOut": false,
      "duration": 1057,
      "state": "passed",
      "speed": "slow",
      "pass": true,
      "fail": false,
      "pending": false,
      "code": "request()\n    .get('/index/getdata')\n    .set('Accept', 'application/json')\n    .expect('Content-Type', /json/)\n    .expect(200)\n    .end(function(err, res) {\n        if (res.body.length == 11) {\n            done();\n        }else{\n            //done(new Error('城市列表返回数据长度错误'));\n            done(err);\n        }\n    });",
      "err": {},
      "isRoot": false,
      "uuid": "af3882fd-c001-4f36-9845-dea19b9b7cf9",
      "parentUUID": "85ce01db-c335-43f2-915b-9a4715ed306c",
      "isHook": false,
      "skipped": false
    },
    {
      "title": "404容错脚本测试",
      "fullTitle": "Nodeuii 容错能力测试 404容错脚本测试",
      "timedOut": false,
      "duration": 21,
      "state": "passed",
      "speed": "fast",
      "pass": true,
      "fail": false,
      "pending": false,
      "code": "request()\n    .get('/messages/notfound')\n    .expect(404, done);",
      "err": {},
      "isRoot": false,
      "uuid": "c6c84cd9-5089-43e8-86e6-0379563266ac",
      "parentUUID": "20d677bb-53cf-4420-b175-934d6ed1fecb",
      "isHook": false,
      "skipped": false
    }
  ],
  "allPending": [],
  "allPasses": [
    {
      "title": "获取城市列表API",
      "fullTitle": "API接口测试 获取城市列表API",
      "timedOut": false,
      "duration": 1057,
      "state": "passed",
      "speed": "slow",
      "pass": true,
      "fail": false,
      "pending": false,
      "code": "request()\n    .get('/index/getdata')\n    .set('Accept', 'application/json')\n    .expect('Content-Type', /json/)\n    .expect(200)\n    .end(function(err, res) {\n        if (res.body.length == 11) {\n            done();\n        }else{\n            //done(new Error('城市列表返回数据长度错误'));\n            done(err);\n        }\n    });",
      "err": {},
      "isRoot": false,
      "uuid": "af3882fd-c001-4f36-9845-dea19b9b7cf9",
      "parentUUID": "85ce01db-c335-43f2-915b-9a4715ed306c",
      "isHook": false,
      "skipped": false
    },
    {
      "title": "404容错脚本测试",
      "fullTitle": "Nodeuii 容错能力测试 404容错脚本测试",
      "timedOut": false,
      "duration": 21,
      "state": "passed",
      "speed": "fast",
      "pass": true,
      "fail": false,
      "pending": false,
      "code": "request()\n    .get('/messages/notfound')\n    .expect(404, done);",
      "err": {},
      "isRoot": false,
      "uuid": "c6c84cd9-5089-43e8-86e6-0379563266ac",
      "parentUUID": "20d677bb-53cf-4420-b175-934d6ed1fecb",
      "isHook": false,
      "skipped": false
    }
  ],
  "allFailures": [],
  "copyrightYear": 2017
}